2026-02-24 08:25:35.263 [info] Extension host with pid 2307 started
2026-02-24 08:25:35.263 [error] Error: EEXIST: file already exists, open '/home/xixianteoh/.codeoss/data/User/workspaceStorage/-3917acb9/vscode.lock'
2026-02-24 08:25:35.264 [info] Lock '/home/xixianteoh/.codeoss/data/User/workspaceStorage/-3917acb9/vscode.lock': Could not acquire lock, checking if the file is stale.
2026-02-24 08:25:35.265 [info] Lock '/home/xixianteoh/.codeoss/data/User/workspaceStorage/-3917acb9/vscode.lock': The lock does not look stale, elapsed: 564 ms, giving up.
2026-02-24 08:25:35.276 [info] Lock '/home/xixianteoh/.codeoss/data/User/workspaceStorage/-3917acb9-1/vscode.lock': Lock acquired.
2026-02-24 08:25:35.495 [info] ExtensionService#_doActivateExtension google.geminicodeassist, startup: false, activationEvent: 'onView:cloudcode.gemini.chatView'
2026-02-24 08:25:35.496 [info] ExtensionService#_doActivateExtension vscode.emmet, startup: false, activationEvent: 'onLanguage'
2026-02-24 08:25:36.620 [info] ExtensionService#_doActivateExtension vscode.git-base, startup: true, activationEvent: '*', root cause: vscode.git
2026-02-24 08:25:36.628 [info] ExtensionService#_doActivateExtension ms-python.python, startup: true, activationEvent: 'workspaceContains:requirements.txt'
2026-02-24 08:25:37.111 [info] ExtensionService#_doActivateExtension google.cloud-shell, startup: false, activationEvent: 'onCommand:cloudshell.isAuthorized'
2026-02-24 08:25:37.154 [info] ExtensionService#_doActivateExtension vscode.git, startup: true, activationEvent: '*'
2026-02-24 08:25:37.154 [info] ExtensionService#_doActivateExtension vscode.github, startup: true, activationEvent: '*'
2026-02-24 08:25:37.307 [info] ExtensionService#_doActivateExtension vscode.configuration-editing, startup: false, activationEvent: 'onLanguage:jsonc'
2026-02-24 08:25:37.308 [info] ExtensionService#_doActivateExtension vscode.json-language-features, startup: false, activationEvent: 'onLanguage:jsonc'
2026-02-24 08:25:37.309 [info] ExtensionService#_doActivateExtension vscode.typescript-language-features, startup: false, activationEvent: 'onLanguage:jsonc'
2026-02-24 08:25:42.835 [info] Eager extensions activated
2026-02-24 08:25:42.836 [info] ExtensionService#_doActivateExtension EditorConfig.EditorConfig, startup: false, activationEvent: 'onStartupFinished'
2026-02-24 08:25:42.836 [info] ExtensionService#_doActivateExtension googlecloudtools.cloudcode, startup: false, activationEvent: 'onStartupFinished'
2026-02-24 08:25:42.837 [info] ExtensionService#_doActivateExtension vscode.debug-auto-launch, startup: false, activationEvent: 'onStartupFinished'
2026-02-24 08:25:42.837 [info] ExtensionService#_doActivateExtension google.gemini-cli-vscode-ide-companion, startup: false, activationEvent: 'onStartupFinished'
2026-02-24 08:25:42.838 [info] ExtensionService#_doActivateExtension vscode.merge-conflict, startup: false, activationEvent: 'onStartupFinished'
2026-02-24 08:25:48.186 [info] ExtensionService#_doActivateExtension vscode.terminal-suggest, startup: false, activationEvent: 'onTerminalShellIntegration:*'
2026-02-24 09:23:55.119 [error] [ms-python.python] provider FAILED
2026-02-24 09:23:55.119 [error] Error: ValueError: `column` parameter (28) is not in a valid range (0-27) for line 129 ('# ðŸ”˜ GUARDIAN BUTTON HANDLER\n').
    at ae (/google/devshell/editor/code-oss-for-cloud-shell/extensions/ms-python.python/out/client/extension.js:2:2018252)
    at oe (/google/devshell/editor/code-oss-for-cloud-shell/extensions/ms-python.python/out/client/extension.js:2:2016212)
    at Immediate.<anonymous> (/google/devshell/editor/code-oss-for-cloud-shell/extensions/ms-python.python/out/client/extension.js:2:2012506)
    at processImmediate (node:internal/timers:485:21)
2026-02-24 09:23:55.334 [error] [ms-python.python] provider FAILED
2026-02-24 09:23:55.334 [error] Error: ValueError: `column` parameter (28) is not in a valid range (0-27) for line 129 ('# ðŸ”˜ GUARDIAN BUTTON HANDLER\n').
    at ae (/google/devshell/editor/code-oss-for-cloud-shell/extensions/ms-python.python/out/client/extension.js:2:2018252)
    at oe (/google/devshell/editor/code-oss-for-cloud-shell/extensions/ms-python.python/out/client/extension.js:2:2016212)
    at Immediate.<anonymous> (/google/devshell/editor/code-oss-for-cloud-shell/extensions/ms-python.python/out/client/extension.js:2:2012506)
    at processImmediate (node:internal/timers:485:21)
2026-02-24 09:24:27.203 [error] [ms-python.python] provider FAILED
2026-02-24 09:24:27.203 [error] Error: ValueError: `column` parameter (28) is not in a valid range (0-27) for line 129 ('# ðŸ”˜ GUARDIAN BUTTON HANDLER\n').
    at ae (/google/devshell/editor/code-oss-for-cloud-shell/extensions/ms-python.python/out/client/extension.js:2:2018252)
    at oe (/google/devshell/editor/code-oss-for-cloud-shell/extensions/ms-python.python/out/client/extension.js:2:2016212)
    at Immediate.<anonymous> (/google/devshell/editor/code-oss-for-cloud-shell/extensions/ms-python.python/out/client/extension.js:2:2012506)
    at processImmediate (node:internal/timers:485:21)
2026-02-24 09:24:27.207 [error] [ms-python.python] provider FAILED
2026-02-24 09:24:27.207 [error] Error: ValueError: `column` parameter (28) is not in a valid range (0-27) for line 129 ('# ðŸ”˜ GUARDIAN BUTTON HANDLER\n').
    at ae (/google/devshell/editor/code-oss-for-cloud-shell/extensions/ms-python.python/out/client/extension.js:2:2018252)
    at oe (/google/devshell/editor/code-oss-for-cloud-shell/extensions/ms-python.python/out/client/extension.js:2:2016212)
    at Immediate.<anonymous> (/google/devshell/editor/code-oss-for-cloud-shell/extensions/ms-python.python/out/client/extension.js:2:2012506)
    at processImmediate (node:internal/timers:485:21)
2026-02-24 09:24:39.566 [error] [ms-python.python] provider FAILED
2026-02-24 09:24:39.567 [error] Error: ValueError: `column` parameter (28) is not in a valid range (0-27) for line 129 ('# ðŸ”˜ GUARDIAN BUTTON HANDLER\n').
    at ae (/google/devshell/editor/code-oss-for-cloud-shell/extensions/ms-python.python/out/client/extension.js:2:2018252)
    at oe (/google/devshell/editor/code-oss-for-cloud-shell/extensions/ms-python.python/out/client/extension.js:2:2016212)
    at Immediate.<anonymous> (/google/devshell/editor/code-oss-for-cloud-shell/extensions/ms-python.python/out/client/extension.js:2:2012506)
    at processImmediate (node:internal/timers:485:21)
2026-02-24 09:26:15.487 [error] Error: unauthorized.
    at e.Authorization.authorize (/google/devshell/editor/code-oss-for-cloud-shell/extensions/cloud-shell/dist/extension.js:1:6008)
    at Kb.resp [as h] (file:///google/devshell/editor/code-oss-for-cloud-shell/out/vs/workbench/api/node/extensionHostProcess.js:112:41557)
    at t.CloudShellTheiaAuth.promptForOrGetAuth (/google/devshell/editor/code-oss-for-cloud-shell/extensions/geminicodeassist/dist/webpack:/common/packages/cloudshell/authorization.ts:99:11)
    at t.CloudShellTheiaAuth.validCache [as runAuthorization] (/google/devshell/editor/code-oss-for-cloud-shell/extensions/geminicodeassist/dist/webpack:/common/packages/cloudshell/authorization.ts:83:7)
    at t.CloudShellAuthProvider.accessToken [as getAccessToken] (/google/devshell/editor/code-oss-for-cloud-shell/extensions/geminicodeassist/dist/webpack:/common/packages/auth/cloudshell_auth_provider.ts:50:35)
    at c.updateExperimentationDataCache (/google/devshell/editor/code-oss-for-cloud-shell/extensions/geminicodeassist/dist/webpack:/common/packages/experimentation/experiment_service.ts:290:11)
    at context (/google/devshell/editor/code-oss-for-cloud-shell/extensions/geminicodeassist/dist/webpack:/common/packages/experimentation/experiment_service.ts:281:117)
    at c.updateExperimentationData (/google/devshell/editor/code-oss-for-cloud-shell/extensions/geminicodeassist/dist/webpack:/src/packages/experimentation/gemini_experiment_service.ts:56:35) cloudshell.authorize {"value":"google.cloud-shell","_lower":"google.cloud-shell"}
2026-02-24 09:26:16.490 [error] Error: Error calling Cloud Shell Theia Authorization. unauthorized.
    at t.CloudShellTheiaAuth.validCache [as runAuthorization] (/google/devshell/editor/code-oss-for-cloud-shell/extensions/geminicodeassist/dist/webpack:/common/packages/cloudshell/authorization.ts:86:13)
    at t.CloudShellAuthProvider.accessToken [as getAccessToken] (/google/devshell/editor/code-oss-for-cloud-shell/extensions/geminicodeassist/dist/webpack:/common/packages/auth/cloudshell_auth_provider.ts:50:35)
    at c.updateExperimentationDataCache (/google/devshell/editor/code-oss-for-cloud-shell/extensions/geminicodeassist/dist/webpack:/common/packages/experimentation/experiment_service.ts:290:11)
    at context (/google/devshell/editor/code-oss-for-cloud-shell/extensions/geminicodeassist/dist/webpack:/common/packages/experimentation/experiment_service.ts:281:117)
    at c.updateExperimentationData (/google/devshell/editor/code-oss-for-cloud-shell/extensions/geminicodeassist/dist/webpack:/src/packages/experimentation/gemini_experiment_service.ts:56:35)
2026-02-24 09:35:47.783 [info] ExtensionService#_doActivateExtension vscode.simple-browser, startup: false, activationEvent: 'onOpenExternalUri:https'
